[Online] teacup/CRTR seed=0 bonus_scale=1.0 steps=200000 num_envs=16 device=cuda
[Online] step 1/200000 eps=0.000 buffer=16 q_loss=n/a pi_loss=n/a ent_alpha=n/a rep_loss=n/a bonus=1.4142 success=n/a ema=n/a cum=n/a auc=n/a 6.8 steps/s ETA 487.2m
[Online] step 10000/200000 eps=0.000 buffer=100000 q_loss=14.5210 pi_loss=-1.5129 ent_alpha=0.077 rep_loss=5.3751 bonus=0.4829 success=0.000 (last 100) ema=0.000 cum=0.042 auc=1175.7 49.2 steps/s ETA 64.3m
[Online] step 20000/200000 eps=0.000 buffer=100000 q_loss=12.5272 pi_loss=-1.2766 ent_alpha=0.031 rep_loss=5.3657 bonus=0.5839 success=0.000 (last 100) ema=0.000 cum=0.021 auc=1470.6 43.2 steps/s ETA 69.4m
[Online] step 30000/200000 eps=0.000 buffer=100000 q_loss=13.6582 pi_loss=-6.4751 ent_alpha=0.014 rep_loss=5.2920 bonus=0.5506 success=0.000 (last 100) ema=0.000 cum=0.018 auc=1658.6 41.5 steps/s ETA 68.2m
[Online] step 40000/200000 eps=0.000 buffer=100000 q_loss=16.9547 pi_loss=-15.0980 ent_alpha=0.007 rep_loss=5.2817 bonus=0.3351 success=0.000 (last 100) ema=0.000 cum=0.013 auc=1810.6 40.8 steps/s ETA 65.3m
[Online] step 50000/200000 eps=0.000 buffer=100000 q_loss=35.2773 pi_loss=-20.9950 ent_alpha=0.003 rep_loss=5.2772 bonus=0.4716 success=0.000 (last 100) ema=0.000 cum=0.011 auc=1928.6 40.5 steps/s ETA 61.8m
[Online] step 60000/200000 eps=0.000 buffer=100000 q_loss=23.2923 pi_loss=-19.8817 ent_alpha=0.002 rep_loss=5.3291 bonus=0.6422 success=0.000 (last 100) ema=0.000 cum=0.009 auc=2025.3 40.2 steps/s ETA 58.0m
[Online] step 70000/200000 eps=0.000 buffer=100000 q_loss=18.2171 pi_loss=-13.7426 ent_alpha=0.001 rep_loss=5.2750 bonus=0.3412 success=0.000 (last 100) ema=0.000 cum=0.008 auc=2107.0 40.1 steps/s ETA 54.1m
[Online] step 80000/200000 eps=0.000 buffer=100000 q_loss=6.1499 pi_loss=-6.0754 ent_alpha=0.000 rep_loss=5.2512 bonus=0.2950 success=0.000 (last 100) ema=0.000 cum=0.007 auc=2177.8 40.0 steps/s ETA 50.0m
[Online] step 90000/200000 eps=0.000 buffer=100000 q_loss=10.4893 pi_loss=-5.2467 ent_alpha=0.000 rep_loss=5.2629 bonus=0.4674 success=0.000 (last 100) ema=0.000 cum=0.006 auc=2240.4 39.9 steps/s ETA 45.9m
[Online] step 100000/200000 eps=0.000 buffer=100000 q_loss=9.8550 pi_loss=-0.2193 ent_alpha=0.000 rep_loss=5.2722 bonus=0.3639 success=0.000 (last 100) ema=0.000 cum=0.005 auc=2296.3 39.9 steps/s ETA 41.8m
[Online] step 110000/200000 eps=0.000 buffer=100000 q_loss=8.2966 pi_loss=15.5646 ent_alpha=0.000 rep_loss=5.3391 bonus=0.3801 success=0.000 (last 100) ema=0.000 cum=0.005 auc=2346.9 39.8 steps/s ETA 37.6m
[Online] step 120000/200000 eps=0.000 buffer=100000 q_loss=8.2018 pi_loss=19.0746 ent_alpha=0.000 rep_loss=5.3469 bonus=0.5716 success=0.000 (last 100) ema=0.000 cum=0.004 auc=2393.1 39.8 steps/s ETA 33.5m
[Online] step 130000/200000 eps=0.000 buffer=100000 q_loss=10.9209 pi_loss=13.6226 ent_alpha=0.000 rep_loss=5.2495 bonus=0.2476 success=0.000 (last 100) ema=0.000 cum=0.004 auc=2435.7 39.8 steps/s ETA 29.3m
[Online] step 140000/200000 eps=0.000 buffer=100000 q_loss=23.4349 pi_loss=14.5908 ent_alpha=0.000 rep_loss=5.2727 bonus=0.2873 success=0.000 (last 100) ema=0.000 cum=0.004 auc=2475.0 39.8 steps/s ETA 25.1m
[Online] step 150000/200000 eps=0.000 buffer=100000 q_loss=12.8479 pi_loss=18.7593 ent_alpha=0.000 rep_loss=5.4170 bonus=0.3857 success=0.000 (last 100) ema=0.000 cum=0.004 auc=2511.7 39.8 steps/s ETA 21.0m
[Online] step 160000/200000 eps=0.000 buffer=100000 q_loss=8.2809 pi_loss=18.2829 ent_alpha=0.000 rep_loss=5.3992 bonus=0.2316 success=0.000 (last 100) ema=0.000 cum=0.003 auc=2546.0 39.7 steps/s ETA 16.8m
[Online] step 170000/200000 eps=0.000 buffer=100000 q_loss=12.5384 pi_loss=19.6038 ent_alpha=0.000 rep_loss=5.4053 bonus=0.3038 success=0.000 (last 100) ema=0.000 cum=0.003 auc=2578.3 39.7 steps/s ETA 12.6m
[Online] step 180000/200000 eps=0.000 buffer=100000 q_loss=6.1685 pi_loss=15.9340 ent_alpha=0.000 rep_loss=5.2946 bonus=0.3451 success=0.000 (last 100) ema=0.000 cum=0.003 auc=2608.7 39.7 steps/s ETA 8.4m
[Online] step 190000/200000 eps=0.000 buffer=100000 q_loss=17.1693 pi_loss=17.0897 ent_alpha=0.000 rep_loss=5.2775 bonus=0.3152 success=0.000 (last 100) ema=0.000 cum=0.003 auc=2637.4 39.7 steps/s ETA 4.2m
[Online] step 200000/200000 eps=0.000 buffer=100000 q_loss=18.9715 pi_loss=20.8036 ent_alpha=0.000 rep_loss=5.3158 bonus=0.3062 success=0.000 (last 100) ema=0.000 cum=0.003 auc=2664.7 39.7 steps/s ETA 0.0m
[Online] teacup/ICM seed=0 bonus_scale=1.0 steps=200000 num_envs=16 device=cuda
[Online] step 1/200000 eps=0.000 buffer=16 q_loss=n/a pi_loss=n/a ent_alpha=n/a rep_loss=n/a bonus=1.4142 success=n/a ema=n/a cum=n/a auc=n/a 442.2 steps/s ETA 7.5m
[Online] step 10000/200000 eps=0.000 buffer=100000 q_loss=16.2089 pi_loss=-1.7242 ent_alpha=0.085 rep_loss=0.5064 bonus=0.7957 success=0.000 (last 100) ema=0.000 cum=0.017 auc=373.0 167.1 steps/s ETA 19.0m
[Online] step 20000/200000 eps=0.000 buffer=100000 q_loss=12.6067 pi_loss=-1.4004 ent_alpha=0.033 rep_loss=0.2010 bonus=0.9991 success=1.000 (last 100) ema=1.000 cum=0.054 auc=495.3 167.7 steps/s ETA 17.9m
[Online] step 30000/200000 eps=0.000 buffer=100000 q_loss=23.5172 pi_loss=-2.4260 ent_alpha=0.015 rep_loss=0.0144 bonus=0.4950 success=0.000 (last 100) ema=0.000 cum=0.340 auc=4014.7 167.5 steps/s ETA 16.9m
[Online] step 40000/200000 eps=0.000 buffer=100000 q_loss=17.4232 pi_loss=-11.3565 ent_alpha=0.007 rep_loss=0.0314 bonus=0.7583 success=1.000 (last 100) ema=1.000 cum=0.322 auc=7109.0 167.8 steps/s ETA 15.9m
[Online] step 50000/200000 eps=0.000 buffer=100000 q_loss=15.5093 pi_loss=-9.7665 ent_alpha=0.003 rep_loss=0.0024 bonus=0.5719 success=0.000 (last 100) ema=0.000 cum=0.278 auc=10132.6 167.9 steps/s ETA 14.9m
[Online] step 60000/200000 eps=0.000 buffer=100000 q_loss=16.4928 pi_loss=-12.6804 ent_alpha=0.002 rep_loss=0.0035 bonus=0.5220 success=0.000 (last 100) ema=0.000 cum=0.241 auc=12721.9 167.9 steps/s ETA 13.9m
[Online] step 70000/200000 eps=0.000 buffer=100000 q_loss=16.8005 pi_loss=-12.1893 ent_alpha=0.001 rep_loss=0.0117 bonus=0.4810 success=0.000 (last 100) ema=0.000 cum=0.212 auc=14982.5 167.8 steps/s ETA 12.9m
[Online] step 80000/200000 eps=0.000 buffer=100000 q_loss=11.5001 pi_loss=-3.0862 ent_alpha=0.000 rep_loss=0.0107 bonus=0.4720 success=0.000 (last 100) ema=0.000 cum=0.190 auc=16987.7 167.8 steps/s ETA 11.9m
[Online] step 90000/200000 eps=0.000 buffer=100000 q_loss=40.4844 pi_loss=-19.4555 ent_alpha=0.000 rep_loss=0.0054 bonus=0.6626 success=0.000 (last 100) ema=0.000 cum=0.172 auc=18792.5 167.8 steps/s ETA 10.9m
[Online] step 100000/200000 eps=0.000 buffer=100000 q_loss=18.5948 pi_loss=-15.5868 ent_alpha=0.000 rep_loss=0.0035 bonus=0.5528 success=0.030 (last 100) ema=0.119 cum=0.157 auc=20431.1 167.8 steps/s ETA 9.9m
[Online] step 110000/200000 eps=0.000 buffer=100000 q_loss=15.2312 pi_loss=-7.9153 ent_alpha=0.000 rep_loss=0.0003 bonus=0.5642 success=0.130 (last 100) ema=0.148 cum=0.154 auc=21989.4 167.8 steps/s ETA 8.9m
[Online] step 120000/200000 eps=0.000 buffer=100000 q_loss=14.5328 pi_loss=-8.2071 ent_alpha=0.000 rep_loss=0.0239 bonus=0.5500 success=0.000 (last 100) ema=0.000 cum=0.151 auc=23522.6 167.7 steps/s ETA 7.9m
[Online] step 130000/200000 eps=0.000 buffer=100000 q_loss=17.2861 pi_loss=-5.9462 ent_alpha=0.000 rep_loss=0.0007 bonus=0.6473 success=0.000 (last 100) ema=0.000 cum=0.141 auc=24983.8 167.8 steps/s ETA 7.0m
[Online] step 140000/200000 eps=0.000 buffer=100000 q_loss=17.7557 pi_loss=-6.8333 ent_alpha=0.000 rep_loss=0.0049 bonus=0.5644 success=0.000 (last 100) ema=0.000 cum=0.132 auc=26348.1 167.7 steps/s ETA 6.0m
[Online] step 150000/200000 eps=0.000 buffer=100000 q_loss=11.2439 pi_loss=-2.7831 ent_alpha=0.000 rep_loss=0.0005 bonus=0.4921 success=0.000 (last 100) ema=0.000 cum=0.124 auc=27627.9 167.7 steps/s ETA 5.0m
[Online] step 160000/200000 eps=0.000 buffer=100000 q_loss=16.7903 pi_loss=-2.2323 ent_alpha=0.000 rep_loss=0.0006 bonus=0.6336 success=0.000 (last 100) ema=0.000 cum=0.117 auc=28833.7 167.7 steps/s ETA 4.0m
[Online] step 170000/200000 eps=0.000 buffer=100000 q_loss=14.2962 pi_loss=-1.0637 ent_alpha=0.000 rep_loss=0.0131 bonus=0.2876 success=0.220 (last 100) ema=0.298 cum=0.115 auc=29976.7 167.7 steps/s ETA 3.0m
[Online] step 180000/200000 eps=0.000 buffer=100000 q_loss=20.5675 pi_loss=-9.8378 ent_alpha=0.000 rep_loss=0.0060 bonus=0.6586 success=0.510 (last 100) ema=0.526 cum=0.115 auc=31123.4 167.7 steps/s ETA 2.0m
[Online] step 190000/200000 eps=0.000 buffer=100000 q_loss=11.5877 pi_loss=-4.7617 ent_alpha=0.000 rep_loss=0.0042 bonus=0.5553 success=0.570 (last 100) ema=0.573 cum=0.143 auc=32406.7 167.5 steps/s ETA 1.0m
[Online] step 200000/200000 eps=0.000 buffer=100000 q_loss=9.2493 pi_loss=-1.7682 ent_alpha=0.000 rep_loss=0.0011 bonus=0.3710 success=0.210 (last 100) ema=0.198 cum=0.164 auc=33992.7 167.4 steps/s ETA 0.0m
[Online] teacup/RND seed=0 bonus_scale=1.0 steps=200000 num_envs=16 device=cuda
[Online] step 1/200000 eps=0.000 buffer=16 q_loss=n/a pi_loss=n/a ent_alpha=n/a rep_loss=n/a bonus=1.4142 success=n/a ema=n/a cum=n/a auc=n/a 429.4 steps/s ETA 7.8m
[Online] step 10000/200000 eps=0.000 buffer=100000 q_loss=10.0063 pi_loss=-1.0467 ent_alpha=0.082 rep_loss=0.0000 bonus=0.4328 success=0.000 (last 100) ema=0.000 cum=0.105 auc=1489.1 196.4 steps/s ETA 16.1m
[Online] step 20000/200000 eps=0.000 buffer=100000 q_loss=10.4475 pi_loss=-3.2866 ent_alpha=0.031 rep_loss=0.0000 bonus=0.5178 success=0.000 (last 100) ema=0.000 cum=0.070 auc=2283.0 196.3 steps/s ETA 15.3m
[Online] step 30000/200000 eps=0.000 buffer=100000 q_loss=10.3693 pi_loss=-3.2110 ent_alpha=0.014 rep_loss=0.0000 bonus=0.6038 success=0.000 (last 100) ema=0.000 cum=0.047 auc=2855.2 197.0 steps/s ETA 14.4m
[Online] step 40000/200000 eps=0.000 buffer=100000 q_loss=6.9189 pi_loss=-4.7860 ent_alpha=0.007 rep_loss=0.0000 bonus=0.2782 success=0.000 (last 100) ema=0.000 cum=0.036 auc=3265.0 197.4 steps/s ETA 13.5m
[Online] step 50000/200000 eps=0.000 buffer=100000 q_loss=14.5370 pi_loss=-1.6656 ent_alpha=0.003 rep_loss=0.0000 bonus=0.3726 success=0.000 (last 100) ema=0.000 cum=0.029 auc=3585.2 197.5 steps/s ETA 12.7m
[Online] step 60000/200000 eps=0.000 buffer=100000 q_loss=14.6943 pi_loss=7.2383 ent_alpha=0.002 rep_loss=0.0000 bonus=0.5472 success=0.000 (last 100) ema=0.000 cum=0.024 auc=3847.6 197.5 steps/s ETA 11.8m
[Online] step 70000/200000 eps=0.000 buffer=100000 q_loss=8.1846 pi_loss=6.2009 ent_alpha=0.001 rep_loss=0.0000 bonus=0.2782 success=0.000 (last 100) ema=0.000 cum=0.021 auc=4069.8 197.5 steps/s ETA 11.0m
[Online] step 80000/200000 eps=0.000 buffer=100000 q_loss=10.1758 pi_loss=-4.9449 ent_alpha=0.000 rep_loss=0.0000 bonus=0.3631 success=0.000 (last 100) ema=0.000 cum=0.018 auc=4263.0 197.6 steps/s ETA 10.1m
[Online] step 90000/200000 eps=0.000 buffer=100000 q_loss=21.0128 pi_loss=-18.6134 ent_alpha=0.000 rep_loss=0.0000 bonus=0.6188 success=0.000 (last 100) ema=0.000 cum=0.016 auc=4433.5 197.6 steps/s ETA 9.3m
[Online] step 100000/200000 eps=0.000 buffer=100000 q_loss=9.5169 pi_loss=-8.5107 ent_alpha=0.000 rep_loss=0.0000 bonus=0.3634 success=0.000 (last 100) ema=0.000 cum=0.014 auc=4586.0 197.7 steps/s ETA 8.4m
[Online] step 110000/200000 eps=0.000 buffer=100000 q_loss=5.0259 pi_loss=-0.4448 ent_alpha=0.000 rep_loss=0.0000 bonus=0.4455 success=0.000 (last 100) ema=0.000 cum=0.013 auc=4724.3 197.7 steps/s ETA 7.6m
[Online] step 120000/200000 eps=0.000 buffer=100000 q_loss=8.3362 pi_loss=6.2263 ent_alpha=0.000 rep_loss=0.0000 bonus=0.5965 success=0.000 (last 100) ema=0.000 cum=0.012 auc=4850.6 197.7 steps/s ETA 6.7m
[Online] step 130000/200000 eps=0.000 buffer=100000 q_loss=18.6175 pi_loss=-0.5830 ent_alpha=0.000 rep_loss=0.0000 bonus=0.3085 success=0.000 (last 100) ema=0.000 cum=0.011 auc=4966.7 197.8 steps/s ETA 5.9m
[Online] step 140000/200000 eps=0.000 buffer=100000 q_loss=10.8668 pi_loss=-1.2702 ent_alpha=0.000 rep_loss=0.0000 bonus=0.5192 success=0.000 (last 100) ema=0.000 cum=0.010 auc=5074.6 197.8 steps/s ETA 5.1m
[Online] step 150000/200000 eps=0.000 buffer=100000 q_loss=11.7003 pi_loss=2.3306 ent_alpha=0.000 rep_loss=0.0000 bonus=0.5656 success=0.000 (last 100) ema=0.000 cum=0.010 auc=5175.2 197.8 steps/s ETA 4.2m
[Online] step 160000/200000 eps=0.000 buffer=100000 q_loss=13.2106 pi_loss=4.0427 ent_alpha=0.000 rep_loss=0.0000 bonus=0.3448 success=0.000 (last 100) ema=0.000 cum=0.009 auc=5269.2 197.8 steps/s ETA 3.4m
[Online] step 170000/200000 eps=0.000 buffer=100000 q_loss=14.0993 pi_loss=9.5286 ent_alpha=0.000 rep_loss=0.0000 bonus=0.5081 success=0.000 (last 100) ema=0.000 cum=0.009 auc=5357.7 197.8 steps/s ETA 2.5m
[Online] step 180000/200000 eps=0.000 buffer=100000 q_loss=8.5466 pi_loss=12.6647 ent_alpha=0.000 rep_loss=0.0000 bonus=0.6123 success=0.000 (last 100) ema=0.000 cum=0.008 auc=5441.1 197.7 steps/s ETA 1.7m
[Online] step 190000/200000 eps=0.000 buffer=100000 q_loss=14.1010 pi_loss=-0.6940 ent_alpha=0.000 rep_loss=0.0000 bonus=0.3089 success=0.000 (last 100) ema=0.000 cum=0.008 auc=5519.9 197.7 steps/s ETA 0.8m
[Online] step 200000/200000 eps=0.000 buffer=100000 q_loss=11.0412 pi_loss=-3.5747 ent_alpha=0.000 rep_loss=0.0000 bonus=0.6120 success=0.000 (last 100) ema=0.000 cum=0.007 auc=5594.8 197.7 steps/s ETA 0.0m
[Online] teacup/IDM seed=0 bonus_scale=1.0 steps=200000 num_envs=16 device=cuda
[Online] step 1/200000 eps=0.000 buffer=16 q_loss=n/a pi_loss=n/a ent_alpha=n/a rep_loss=n/a bonus=1.4142 success=n/a ema=n/a cum=n/a auc=n/a 448.8 steps/s ETA 7.4m
[Online] step 10000/200000 eps=0.000 buffer=100000 q_loss=15.5086 pi_loss=-1.3812 ent_alpha=0.082 rep_loss=0.4604 bonus=0.5629 success=0.000 (last 100) ema=0.000 cum=0.040 auc=1193.9 180.5 steps/s ETA 17.5m
[Online] step 20000/200000 eps=0.000 buffer=100000 q_loss=14.1359 pi_loss=-0.5001 ent_alpha=0.033 rep_loss=0.1034 bonus=0.5914 success=0.000 (last 100) ema=0.000 cum=0.020 auc=1474.1 180.6 steps/s ETA 16.6m
[Online] step 30000/200000 eps=0.000 buffer=100000 q_loss=11.3646 pi_loss=-2.6475 ent_alpha=0.015 rep_loss=0.0430 bonus=0.4377 success=0.000 (last 100) ema=0.000 cum=0.027 auc=1688.0 180.4 steps/s ETA 15.7m
[Online] step 40000/200000 eps=0.000 buffer=100000 q_loss=19.7312 pi_loss=-9.9146 ent_alpha=0.007 rep_loss=0.0145 bonus=0.6626 success=0.000 (last 100) ema=0.000 cum=0.029 auc=1995.9 180.3 steps/s ETA 14.8m
[Online] step 50000/200000 eps=0.000 buffer=100000 q_loss=18.7436 pi_loss=-7.9181 ent_alpha=0.003 rep_loss=0.0090 bonus=0.6018 success=0.000 (last 100) ema=0.000 cum=0.023 auc=2253.6 180.2 steps/s ETA 13.9m
[Online] step 60000/200000 eps=0.000 buffer=100000 q_loss=16.3295 pi_loss=-7.4274 ent_alpha=0.002 rep_loss=0.0102 bonus=0.3920 success=0.000 (last 100) ema=0.000 cum=0.019 auc=2464.9 180.2 steps/s ETA 13.0m
[Online] step 70000/200000 eps=0.000 buffer=100000 q_loss=23.4180 pi_loss=-8.6273 ent_alpha=0.001 rep_loss=0.0082 bonus=0.6049 success=0.000 (last 100) ema=0.000 cum=0.017 auc=2644.1 180.1 steps/s ETA 12.0m
[Online] step 80000/200000 eps=0.000 buffer=100000 q_loss=15.7902 pi_loss=-11.2617 ent_alpha=0.000 rep_loss=0.0042 bonus=0.4374 success=0.000 (last 100) ema=0.000 cum=0.015 auc=2799.6 180.1 steps/s ETA 11.1m
[Online] step 90000/200000 eps=0.000 buffer=100000 q_loss=33.6960 pi_loss=-15.3605 ent_alpha=0.000 rep_loss=0.0006 bonus=0.5345 success=0.000 (last 100) ema=0.000 cum=0.013 auc=2936.8 180.0 steps/s ETA 10.2m
[Online] step 100000/200000 eps=0.000 buffer=100000 q_loss=14.2349 pi_loss=-14.6716 ent_alpha=0.000 rep_loss=0.0115 bonus=0.4095 success=0.130 (last 100) ema=0.101 cum=0.012 auc=3059.9 180.0 steps/s ETA 9.3m
[Online] step 110000/200000 eps=0.000 buffer=100000 q_loss=24.5309 pi_loss=-14.6533 ent_alpha=0.000 rep_loss=0.0092 bonus=0.4895 success=0.180 (last 100) ema=0.203 cum=0.028 auc=3252.6 179.8 steps/s ETA 8.3m
[Online] step 120000/200000 eps=0.000 buffer=100000 q_loss=12.6672 pi_loss=-11.4622 ent_alpha=0.000 rep_loss=0.0007 bonus=0.5797 success=0.160 (last 100) ema=0.188 cum=0.049 auc=3647.9 179.7 steps/s ETA 7.4m
[Online] step 130000/200000 eps=0.000 buffer=100000 q_loss=17.0581 pi_loss=-10.4107 ent_alpha=0.000 rep_loss=0.0005 bonus=0.4906 success=0.000 (last 100) ema=0.000 cum=0.047 auc=4136.8 179.6 steps/s ETA 6.5m
[Online] step 140000/200000 eps=0.000 buffer=100000 q_loss=8.5494 pi_loss=5.1802 ent_alpha=0.000 rep_loss=0.0000 bonus=0.4437 success=0.000 (last 100) ema=0.000 cum=0.044 auc=4592.4 179.6 steps/s ETA 5.6m
[Online] step 150000/200000 eps=0.000 buffer=100000 q_loss=13.1875 pi_loss=-8.7964 ent_alpha=0.000 rep_loss=0.0018 bonus=0.5566 success=0.000 (last 100) ema=0.000 cum=0.041 auc=5017.5 179.5 steps/s ETA 4.6m
[Online] step 160000/200000 eps=0.000 buffer=100000 q_loss=13.3426 pi_loss=-5.7089 ent_alpha=0.000 rep_loss=0.0000 bonus=0.6063 success=0.000 (last 100) ema=0.000 cum=0.039 auc=5416.0 179.5 steps/s ETA 3.7m
[Online] step 170000/200000 eps=0.000 buffer=100000 q_loss=9.5360 pi_loss=1.2468 ent_alpha=0.000 rep_loss=0.0106 bonus=0.3643 success=0.000 (last 100) ema=0.000 cum=0.036 auc=5791.2 179.5 steps/s ETA 2.8m
[Online] step 180000/200000 eps=0.000 buffer=100000 q_loss=7.3012 pi_loss=9.9856 ent_alpha=0.000 rep_loss=0.0000 bonus=0.2491 success=0.000 (last 100) ema=0.000 cum=0.034 auc=6145.4 179.6 steps/s ETA 1.9m
[Online] step 190000/200000 eps=0.000 buffer=100000 q_loss=17.1282 pi_loss=14.0760 ent_alpha=0.000 rep_loss=0.0000 bonus=0.3300 success=0.000 (last 100) ema=0.000 cum=0.033 auc=6481.0 179.5 steps/s ETA 0.9m
[Online] step 200000/200000 eps=0.000 buffer=100000 q_loss=10.1410 pi_loss=16.1279 ent_alpha=0.000 rep_loss=0.0000 bonus=0.3848 success=0.000 (last 100) ema=0.000 cum=0.031 auc=6799.9 179.5 steps/s ETA 0.0m
[Online] teacup/BISCUIT seed=0 bonus_scale=1.0 steps=200000 num_envs=16 device=cuda
[Online] step 1/200000 eps=0.000 buffer=16 q_loss=n/a pi_loss=n/a ent_alpha=n/a rep_loss=n/a bonus=1.0285 success=n/a ema=n/a cum=n/a auc=n/a 190.4 steps/s ETA 17.5m
[Online] step 10000/200000 eps=0.000 buffer=100000 q_loss=10.3350 pi_loss=-1.7145 ent_alpha=0.078 rep_loss=0.7302 bonus=0.4670 success=0.000 (last 100) ema=0.000 cum=0.118 auc=1476.8 34.3 steps/s ETA 92.3m
[Online] step 20000/200000 eps=0.000 buffer=100000 q_loss=10.9469 pi_loss=-7.4038 ent_alpha=0.031 rep_loss=0.6073 bonus=0.4455 success=0.000 (last 100) ema=0.000 cum=0.061 auc=2309.4 34.3 steps/s ETA 87.4m
[Online] step 30000/200000 eps=0.000 buffer=100000 q_loss=18.4607 pi_loss=-12.6796 ent_alpha=0.014 rep_loss=0.7641 bonus=0.3994 success=0.000 (last 100) ema=0.000 cum=0.115 auc=3130.3 34.3 steps/s ETA 82.7m
[Online] step 40000/200000 eps=0.000 buffer=100000 q_loss=14.6300 pi_loss=-10.4387 ent_alpha=0.007 rep_loss=0.8835 bonus=0.4220 success=0.000 (last 100) ema=0.000 cum=0.088 auc=4128.7 34.2 steps/s ETA 77.9m
[Online] step 50000/200000 eps=0.000 buffer=100000 q_loss=11.5146 pi_loss=-8.8413 ent_alpha=0.003 rep_loss=0.5935 bonus=0.3818 success=0.000 (last 100) ema=0.000 cum=0.079 auc=4939.9 34.2 steps/s ETA 73.0m
[Online] step 60000/200000 eps=0.000 buffer=100000 q_loss=14.1921 pi_loss=-10.5330 ent_alpha=0.002 rep_loss=0.9070 bonus=0.4292 success=0.000 (last 100) ema=0.000 cum=0.066 auc=5658.7 34.2 steps/s ETA 68.2m
[Online] step 70000/200000 eps=0.000 buffer=100000 q_loss=14.4344 pi_loss=-9.2284 ent_alpha=0.001 rep_loss=0.6926 bonus=0.4243 success=0.000 (last 100) ema=0.000 cum=0.057 auc=6271.4 34.2 steps/s ETA 63.3m
[Online] step 80000/200000 eps=0.000 buffer=100000 q_loss=19.6234 pi_loss=-11.8940 ent_alpha=0.000 rep_loss=0.9124 bonus=0.3456 success=0.000 (last 100) ema=0.000 cum=0.051 auc=6809.3 34.2 steps/s ETA 58.5m
[Online] step 90000/200000 eps=0.000 buffer=100000 q_loss=12.7169 pi_loss=-4.5917 ent_alpha=0.000 rep_loss=0.8722 bonus=0.4227 success=0.000 (last 100) ema=0.000 cum=0.045 auc=7289.0 34.2 steps/s ETA 53.6m
[Online] step 100000/200000 eps=0.000 buffer=100000 q_loss=10.5369 pi_loss=-5.1749 ent_alpha=0.000 rep_loss=0.7066 bonus=0.3353 success=0.000 (last 100) ema=0.000 cum=0.041 auc=7720.1 34.2 steps/s ETA 48.7m
[Online] step 110000/200000 eps=0.000 buffer=100000 q_loss=11.5075 pi_loss=-7.3110 ent_alpha=0.000 rep_loss=0.5542 bonus=0.3944 success=0.000 (last 100) ema=0.000 cum=0.037 auc=8111.0 34.2 steps/s ETA 43.9m
[Online] step 120000/200000 eps=0.000 buffer=100000 q_loss=5.1182 pi_loss=3.3947 ent_alpha=0.000 rep_loss=0.5552 bonus=0.5541 success=0.000 (last 100) ema=0.000 cum=0.034 auc=8468.3 34.2 steps/s ETA 39.0m
[Online] step 130000/200000 eps=0.000 buffer=100000 q_loss=2.2534 pi_loss=4.1043 ent_alpha=0.000 rep_loss=0.2411 bonus=0.4565 success=0.000 (last 100) ema=0.000 cum=0.032 auc=8798.2 34.2 steps/s ETA 34.1m
[Online] step 140000/200000 eps=0.000 buffer=100000 q_loss=2.4142 pi_loss=4.6502 ent_alpha=0.000 rep_loss=0.7981 bonus=0.4230 success=0.000 (last 100) ema=0.000 cum=0.029 auc=9103.9 34.2 steps/s ETA 29.3m
[Online] step 150000/200000 eps=0.000 buffer=100000 q_loss=2.6544 pi_loss=2.2233 ent_alpha=0.000 rep_loss=0.7539 bonus=0.4222 success=0.000 (last 100) ema=0.000 cum=0.028 auc=9388.7 34.2 steps/s ETA 24.4m
[Online] step 160000/200000 eps=0.000 buffer=100000 q_loss=3.1365 pi_loss=0.5976 ent_alpha=0.000 rep_loss=0.7466 bonus=0.4501 success=0.000 (last 100) ema=0.000 cum=0.026 auc=9655.8 34.2 steps/s ETA 19.5m
[Online] step 170000/200000 eps=0.000 buffer=100000 q_loss=3.7026 pi_loss=-2.1001 ent_alpha=0.000 rep_loss=0.6249 bonus=0.4286 success=0.000 (last 100) ema=0.000 cum=0.026 auc=9912.3 34.2 steps/s ETA 14.6m
[Online] step 180000/200000 eps=0.000 buffer=100000 q_loss=3.1647 pi_loss=0.5104 ent_alpha=0.000 rep_loss=0.6337 bonus=0.4359 success=0.000 (last 100) ema=0.000 cum=0.025 auc=10166.1 34.3 steps/s ETA 9.7m
[Online] step 190000/200000 eps=0.000 buffer=100000 q_loss=2.5080 pi_loss=1.7122 ent_alpha=0.000 rep_loss=0.7704 bonus=0.5442 success=0.000 (last 100) ema=0.000 cum=0.023 auc=10406.5 34.3 steps/s ETA 4.9m
[Online] step 200000/200000 eps=0.000 buffer=100000 q_loss=3.3516 pi_loss=0.0512 ent_alpha=0.000 rep_loss=0.7824 bonus=0.4538 success=0.000 (last 100) ema=0.000 cum=0.022 auc=10634.5 34.3 steps/s ETA 0.0m
[Online] teacup/CBM seed=0 bonus_scale=1.0 steps=200000 num_envs=16 device=cuda
[Online] step 1/200000 eps=0.000 buffer=16 q_loss=n/a pi_loss=n/a ent_alpha=n/a rep_loss=n/a bonus=1.3796 success=n/a ema=n/a cum=n/a auc=n/a 227.0 steps/s ETA 14.7m
    CBM: train g...
      g step   5000/10000
      g step  10000/10000
    CBM: train psi...
      psi step   5000/10000
      psi step  10000/10000
    CBM: train reward predictor...
      rew step   5000/10000
      rew step  10000/10000
    CBM: estimate CMI(dynamics) ...
    CBM: estimate CMI(reward) ...
[Online] step 10000/200000 eps=0.000 buffer=100000 q_loss=13.0746 pi_loss=-1.9421 ent_alpha=0.075 rep_loss=n/a bonus=0.4325 success=0.000 (last 100) ema=0.000 cum=0.094 auc=1560.2 22.7 steps/s ETA 139.5m
[Online] step 20000/200000 eps=0.000 buffer=100000 q_loss=9.3828 pi_loss=-5.7737 ent_alpha=0.031 rep_loss=n/a bonus=0.3657 success=0.000 (last 100) ema=0.000 cum=0.053 auc=2231.5 42.3 steps/s ETA 71.0m
[Online] step 30000/200000 eps=0.000 buffer=100000 q_loss=17.3917 pi_loss=-11.3014 ent_alpha=0.015 rep_loss=n/a bonus=0.3392 success=0.000 (last 100) ema=0.000 cum=0.036 auc=2666.2 59.3 steps/s ETA 47.8m
[Online] step 40000/200000 eps=0.000 buffer=100000 q_loss=8.4791 pi_loss=-4.3405 ent_alpha=0.007 rep_loss=n/a bonus=0.2698 success=0.130 (last 100) ema=0.188 cum=0.127 auc=3477.2 74.2 steps/s ETA 35.9m
[Online] step 50000/200000 eps=0.000 buffer=100000 q_loss=5.9019 pi_loss=0.0583 ent_alpha=0.003 rep_loss=n/a bonus=0.6047 success=1.000 (last 100) ema=1.000 cum=0.567 auc=6552.0 86.9 steps/s ETA 28.8m
    CBM: train g...
      g step   5000/10000
      g step  10000/10000
    CBM: train psi...
      psi step   5000/10000
      psi step  10000/10000
    CBM: train reward predictor...
      rew step   5000/10000
      rew step  10000/10000
    CBM: estimate CMI(dynamics) ...
    CBM: estimate CMI(reward) ...
[Online] step 60000/200000 eps=0.000 buffer=100000 q_loss=4.5353 pi_loss=0.2393 ent_alpha=0.002 rep_loss=n/a bonus=0.7284 success=1.000 (last 100) ema=1.000 cum=0.751 auc=13318.9 58.8 steps/s ETA 39.7m
[Online] step 70000/200000 eps=0.000 buffer=100000 q_loss=3.3937 pi_loss=-0.1420 ent_alpha=0.001 rep_loss=n/a bonus=0.7671 success=1.000 (last 100) ema=1.000 cum=0.827 auc=21252.9 66.1 steps/s ETA 32.8m
[Online] step 80000/200000 eps=0.000 buffer=100000 q_loss=8.0960 pi_loss=1.4187 ent_alpha=0.000 rep_loss=n/a bonus=0.2780 success=0.170 (last 100) ema=0.208 cum=0.837 auc=29651.5 73.1 steps/s ETA 27.4m
[Online] step 90000/200000 eps=0.000 buffer=100000 q_loss=7.8671 pi_loss=4.9481 ent_alpha=0.000 rep_loss=n/a bonus=0.4396 success=0.150 (last 100) ema=0.148 cum=0.810 auc=37889.6 79.8 steps/s ETA 23.0m
[Online] step 100000/200000 eps=0.000 buffer=100000 q_loss=5.6046 pi_loss=6.5278 ent_alpha=0.000 rep_loss=n/a bonus=0.4459 success=0.000 (last 100) ema=0.000 cum=0.785 auc=45868.0 86.1 steps/s ETA 19.3m
    CBM: train g...
      g step   5000/10000
      g step  10000/10000
    CBM: train psi...
      psi step   5000/10000
      psi step  10000/10000
    CBM: train reward predictor...
      rew step   5000/10000
      rew step  10000/10000
    CBM: estimate CMI(dynamics) ...
    CBM: estimate CMI(reward) ...
[Online] step 110000/200000 eps=0.000 buffer=100000 q_loss=7.2171 pi_loss=9.1599 ent_alpha=0.000 rep_loss=n/a bonus=0.2484 success=0.000 (last 100) ema=0.000 cum=0.760 auc=53586.4 68.6 steps/s ETA 21.9m
[Online] step 120000/200000 eps=0.000 buffer=100000 q_loss=7.8543 pi_loss=14.2903 ent_alpha=0.000 rep_loss=n/a bonus=0.3033 success=0.000 (last 100) ema=0.000 cum=0.737 auc=61072.7 73.4 steps/s ETA 18.2m
[Online] step 130000/200000 eps=0.000 buffer=100000 q_loss=19.6240 pi_loss=16.2970 ent_alpha=0.000 rep_loss=n/a bonus=0.3289 success=0.000 (last 100) ema=0.000 cum=0.715 auc=68334.3 77.9 steps/s ETA 15.0m
[Online] step 140000/200000 eps=0.000 buffer=100000 q_loss=13.7097 pi_loss=18.0830 ent_alpha=0.000 rep_loss=n/a bonus=0.2454 success=0.000 (last 100) ema=0.000 cum=0.695 auc=75380.1 82.3 steps/s ETA 12.1m
[Online] step 150000/200000 eps=0.000 buffer=100000 q_loss=9.9763 pi_loss=17.9155 ent_alpha=0.000 rep_loss=n/a bonus=0.2761 success=0.000 (last 100) ema=0.000 cum=0.675 auc=82232.4 86.5 steps/s ETA 9.6m
    CBM: train g...
      g step   5000/10000
      g step  10000/10000
    CBM: train psi...
      psi step   5000/10000
      psi step  10000/10000
    CBM: train reward predictor...
      rew step   5000/10000
      rew step  10000/10000
    CBM: estimate CMI(dynamics) ...
    CBM: estimate CMI(reward) ...
[Online] step 160000/200000 eps=0.000 buffer=100000 q_loss=13.9421 pi_loss=19.2761 ent_alpha=0.000 rep_loss=n/a bonus=0.3424 success=0.000 (last 100) ema=0.000 cum=0.657 auc=88895.9 73.6 steps/s ETA 9.1m
[Online] step 170000/200000 eps=0.000 buffer=100000 q_loss=5.1809 pi_loss=17.0693 ent_alpha=0.000 rep_loss=n/a bonus=0.2307 success=0.000 (last 100) ema=0.000 cum=0.640 auc=95376.8 77.0 steps/s ETA 6.5m
[Online] step 180000/200000 eps=0.000 buffer=100000 q_loss=15.4384 pi_loss=16.4206 ent_alpha=0.000 rep_loss=n/a bonus=0.2614 success=0.000 (last 100) ema=0.000 cum=0.623 auc=101694.2 80.4 steps/s ETA 4.1m
[Online] step 190000/200000 eps=0.000 buffer=100000 q_loss=11.2002 pi_loss=17.8984 ent_alpha=0.000 rep_loss=n/a bonus=0.3191 success=0.000 (last 100) ema=0.000 cum=0.608 auc=107850.6 83.6 steps/s ETA 2.0m
[Online] step 200000/200000 eps=0.000 buffer=100000 q_loss=20.6538 pi_loss=17.8401 ent_alpha=0.000 rep_loss=n/a bonus=0.2208 success=0.000 (last 100) ema=0.000 cum=0.593 auc=113850.6 86.8 steps/s ETA 0.0m
[Online] teacup/CRTR seed=0 bonus_scale=0.0 steps=200000 num_envs=16 device=cuda
[Online] step 1/200000 eps=0.000 buffer=16 q_loss=n/a pi_loss=n/a ent_alpha=n/a rep_loss=n/a bonus=n/a success=n/a ema=n/a cum=n/a auc=n/a 422.1 steps/s ETA 7.9m
[Online] step 10000/200000 eps=0.000 buffer=100000 q_loss=0.4158 pi_loss=-5.0675 ent_alpha=0.498 rep_loss=5.3303 bonus=n/a success=0.120 (last 100) ema=0.090 cum=0.158 auc=1914.5 47.9 steps/s ETA 66.1m
[Online] step 20000/200000 eps=0.000 buffer=100000 q_loss=3.0175 pi_loss=-15.4711 ent_alpha=1.235 rep_loss=5.3066 bonus=n/a success=0.060 (last 100) ema=0.098 cum=0.119 auc=3249.7 42.1 steps/s ETA 71.2m
[Online] step 30000/200000 eps=0.000 buffer=100000 q_loss=38.6320 pi_loss=-38.8945 ent_alpha=2.918 rep_loss=5.3027 bonus=n/a success=0.110 (last 100) ema=0.130 cum=0.104 auc=4356.3 40.6 steps/s ETA 69.8m
[Online] step 40000/200000 eps=0.000 buffer=100000 q_loss=153.9987 pi_loss=-90.5884 ent_alpha=6.695 rep_loss=5.3284 bonus=n/a success=0.080 (last 100) ema=0.077 cum=0.099 auc=5369.4 39.9 steps/s ETA 66.9m
[Online] step 50000/200000 eps=0.000 buffer=100000 q_loss=1690.9105 pi_loss=-176.8410 ent_alpha=10.000 rep_loss=5.3038 bonus=n/a success=0.060 (last 100) ema=0.094 cum=0.092 auc=6325.4 39.5 steps/s ETA 63.3m
[Online] step 60000/200000 eps=0.000 buffer=100000 q_loss=1117.4316 pi_loss=-230.7274 ent_alpha=10.000 rep_loss=5.3279 bonus=n/a success=0.020 (last 100) ema=0.020 cum=0.086 auc=7222.7 39.2 steps/s ETA 59.5m
[Online] step 70000/200000 eps=0.000 buffer=100000 q_loss=589.4536 pi_loss=-257.1787 ent_alpha=10.000 rep_loss=5.3246 bonus=n/a success=0.080 (last 100) ema=0.103 cum=0.081 auc=8056.3 39.1 steps/s ETA 55.4m
[Online] step 80000/200000 eps=0.000 buffer=100000 q_loss=4242.2812 pi_loss=-275.1604 ent_alpha=10.000 rep_loss=5.3270 bonus=n/a success=0.070 (last 100) ema=0.077 cum=0.076 auc=8844.1 39.0 steps/s ETA 51.2m
[Online] step 90000/200000 eps=0.000 buffer=100000 q_loss=2380.3032 pi_loss=-287.2128 ent_alpha=10.000 rep_loss=5.3127 bonus=n/a success=0.020 (last 100) ema=0.030 cum=0.072 auc=9588.5 39.0 steps/s ETA 47.0m
[Online] step 100000/200000 eps=0.000 buffer=100000 q_loss=1825.1240 pi_loss=-290.5954 ent_alpha=10.000 rep_loss=5.3230 bonus=n/a success=0.040 (last 100) ema=0.021 cum=0.070 auc=10296.8 39.0 steps/s ETA 42.8m
[Online] step 110000/200000 eps=0.000 buffer=100000 q_loss=1891.8955 pi_loss=-297.6169 ent_alpha=10.000 rep_loss=5.3204 bonus=n/a success=0.030 (last 100) ema=0.005 cum=0.067 auc=10981.2 38.9 steps/s ETA 38.5m
[Online] step 120000/200000 eps=0.000 buffer=100000 q_loss=3177.0952 pi_loss=-297.3079 ent_alpha=10.000 rep_loss=5.3165 bonus=n/a success=0.020 (last 100) ema=0.013 cum=0.065 auc=11638.3 38.9 steps/s ETA 34.3m
[Online] step 130000/200000 eps=0.000 buffer=100000 q_loss=2605.7285 pi_loss=-296.0364 ent_alpha=10.000 rep_loss=5.3136 bonus=n/a success=0.020 (last 100) ema=0.036 cum=0.063 auc=12271.6 38.9 steps/s ETA 30.0m
[Online] step 140000/200000 eps=0.000 buffer=100000 q_loss=1329.5930 pi_loss=-299.1927 ent_alpha=10.000 rep_loss=5.3359 bonus=n/a success=0.040 (last 100) ema=0.006 cum=0.061 auc=12893.7 38.9 steps/s ETA 25.7m
[Online] step 150000/200000 eps=0.000 buffer=100000 q_loss=1938.6484 pi_loss=-297.4214 ent_alpha=10.000 rep_loss=5.3312 bonus=n/a success=0.040 (last 100) ema=0.018 cum=0.060 auc=13498.1 38.9 steps/s ETA 21.4m
[Online] step 160000/200000 eps=0.000 buffer=100000 q_loss=1279.0265 pi_loss=-300.2417 ent_alpha=10.000 rep_loss=5.3314 bonus=n/a success=0.040 (last 100) ema=0.057 cum=0.059 auc=14093.1 38.8 steps/s ETA 17.2m
[Online] step 170000/200000 eps=0.000 buffer=100000 q_loss=1321.2390 pi_loss=-299.4637 ent_alpha=10.000 rep_loss=5.3094 bonus=n/a success=0.030 (last 100) ema=0.005 cum=0.058 auc=14676.7 38.8 steps/s ETA 12.9m
[Online] step 180000/200000 eps=0.000 buffer=100000 q_loss=3235.9744 pi_loss=-299.8860 ent_alpha=10.000 rep_loss=5.3188 bonus=n/a success=0.020 (last 100) ema=0.015 cum=0.057 auc=15247.9 38.8 steps/s ETA 8.6m
[Online] step 190000/200000 eps=0.000 buffer=100000 q_loss=2628.5112 pi_loss=-300.7601 ent_alpha=10.000 rep_loss=5.3353 bonus=n/a success=0.030 (last 100) ema=0.051 cum=0.055 auc=15807.7 38.8 steps/s ETA 4.3m
[Online] step 200000/200000 eps=0.000 buffer=100000 q_loss=1987.9404 pi_loss=-301.1651 ent_alpha=10.000 rep_loss=5.3302 bonus=n/a success=0.030 (last 100) ema=0.026 cum=0.054 auc=16354.2 38.8 steps/s ETA 0.0m
[Online] teacup/CRTR seed=0 bonus_scale=0.1 steps=200000 num_envs=16 device=cuda
[Online] step 1/200000 eps=0.000 buffer=16 q_loss=n/a pi_loss=n/a ent_alpha=n/a rep_loss=n/a bonus=1.4142 success=n/a ema=n/a cum=n/a auc=n/a 414.5 steps/s ETA 8.0m
[Online] step 10000/200000 eps=0.000 buffer=100000 q_loss=1.4164 pi_loss=-4.9657 ent_alpha=0.499 rep_loss=5.3315 bonus=0.5825 success=0.220 (last 100) ema=0.219 cum=0.142 auc=1665.0 48.7 steps/s ETA 65.0m
[Online] step 20000/200000 eps=0.000 buffer=100000 q_loss=11.9569 pi_loss=-15.0422 ent_alpha=1.252 rep_loss=5.3474 bonus=0.6624 success=0.100 (last 100) ema=0.081 cum=0.117 auc=2942.5 42.4 steps/s ETA 70.8m
[Online] step 30000/200000 eps=0.000 buffer=100000 q_loss=85.4274 pi_loss=-38.8438 ent_alpha=2.961 rep_loss=5.3190 bonus=0.4834 success=0.070 (last 100) ema=0.045 cum=0.107 auc=4051.2 40.7 steps/s ETA 69.6m
[Online] step 40000/200000 eps=0.000 buffer=100000 q_loss=217.8962 pi_loss=-91.5663 ent_alpha=6.795 rep_loss=5.3121 bonus=0.6098 success=0.080 (last 100) ema=0.103 cum=0.101 auc=5089.5 40.0 steps/s ETA 66.7m
[Online] step 50000/200000 eps=0.000 buffer=100000 q_loss=2153.9387 pi_loss=-179.3589 ent_alpha=10.000 rep_loss=5.3348 bonus=0.4875 success=0.080 (last 100) ema=0.104 cum=0.094 auc=6061.8 39.6 steps/s ETA 63.2m
[Online] step 60000/200000 eps=0.000 buffer=100000 q_loss=2996.2764 pi_loss=-231.2699 ent_alpha=10.000 rep_loss=5.3240 bonus=0.7094 success=0.040 (last 100) ema=0.047 cum=0.089 auc=6977.8 39.3 steps/s ETA 59.3m
[Online] step 70000/200000 eps=0.000 buffer=100000 q_loss=1920.3113 pi_loss=-260.0848 ent_alpha=10.000 rep_loss=5.3466 bonus=0.6209 success=0.040 (last 100) ema=0.039 cum=0.085 auc=7839.5 39.2 steps/s ETA 55.3m
[Online] step 80000/200000 eps=0.000 buffer=100000 q_loss=3850.4961 pi_loss=-276.2336 ent_alpha=10.000 rep_loss=5.3331 bonus=0.5318 success=0.050 (last 100) ema=0.051 cum=0.079 auc=8658.1 39.1 steps/s ETA 51.2m
[Online] step 90000/200000 eps=0.000 buffer=100000 q_loss=2350.1870 pi_loss=-284.9523 ent_alpha=10.000 rep_loss=5.3334 bonus=0.7130 success=0.040 (last 100) ema=0.073 cum=0.076 auc=9429.3 39.0 steps/s ETA 47.0m
[Online] step 100000/200000 eps=0.000 buffer=100000 q_loss=5460.1880 pi_loss=-289.2290 ent_alpha=10.000 rep_loss=5.3285 bonus=0.7117 success=0.040 (last 100) ema=0.013 cum=0.072 auc=10168.8 38.9 steps/s ETA 42.8m
[Online] step 110000/200000 eps=0.000 buffer=100000 q_loss=1278.5603 pi_loss=-298.6995 ent_alpha=10.000 rep_loss=5.3416 bonus=0.5312 success=0.020 (last 100) ema=0.007 cum=0.069 auc=10871.6 38.9 steps/s ETA 38.5m
[Online] step 120000/200000 eps=0.000 buffer=100000 q_loss=2573.7285 pi_loss=-293.1338 ent_alpha=10.000 rep_loss=5.3331 bonus=0.4850 success=0.030 (last 100) ema=0.072 cum=0.066 auc=11550.6 38.9 steps/s ETA 34.3m
[Online] step 130000/200000 eps=0.000 buffer=100000 q_loss=2566.4480 pi_loss=-296.4044 ent_alpha=10.000 rep_loss=5.3251 bonus=0.5279 success=0.020 (last 100) ema=0.062 cum=0.065 auc=12205.2 38.9 steps/s ETA 30.0m
[Online] step 140000/200000 eps=0.000 buffer=100000 q_loss=1990.8003 pi_loss=-299.9330 ent_alpha=10.000 rep_loss=5.3333 bonus=0.5586 success=0.040 (last 100) ema=0.056 cum=0.063 auc=12843.6 38.9 steps/s ETA 25.7m
[Online] step 150000/200000 eps=0.000 buffer=100000 q_loss=2544.0244 pi_loss=-296.7255 ent_alpha=10.000 rep_loss=5.3406 bonus=0.4765 success=0.050 (last 100) ema=0.043 cum=0.061 auc=13464.1 38.8 steps/s ETA 21.5m
[Online] step 160000/200000 eps=0.000 buffer=100000 q_loss=710.5861 pi_loss=-298.4554 ent_alpha=10.000 rep_loss=5.3242 bonus=0.5412 success=0.040 (last 100) ema=0.042 cum=0.060 auc=14071.1 38.8 steps/s ETA 17.2m
[Online] step 170000/200000 eps=0.000 buffer=100000 q_loss=2606.4326 pi_loss=-298.2428 ent_alpha=10.000 rep_loss=5.3204 bonus=0.4389 success=0.060 (last 100) ema=0.057 cum=0.059 auc=14666.2 38.8 steps/s ETA 12.9m
[Online] step 180000/200000 eps=0.000 buffer=100000 q_loss=3860.9868 pi_loss=-299.4353 ent_alpha=10.000 rep_loss=5.3116 bonus=0.4336 success=0.020 (last 100) ema=0.019 cum=0.058 auc=15255.1 38.8 steps/s ETA 8.6m
[Online] step 190000/200000 eps=0.000 buffer=100000 q_loss=4519.9893 pi_loss=-299.7183 ent_alpha=10.000 rep_loss=5.3318 bonus=0.5639 success=0.020 (last 100) ema=0.041 cum=0.057 auc=15830.2 38.8 steps/s ETA 4.3m
[Online] step 200000/200000 eps=0.000 buffer=100000 q_loss=2604.0132 pi_loss=-299.3098 ent_alpha=10.000 rep_loss=5.3119 bonus=0.6445 success=0.050 (last 100) ema=0.043 cum=0.056 auc=16395.7 38.8 steps/s ETA 0.0m
[Online] teacup/CRTR seed=0 bonus_scale=0.3 steps=200000 num_envs=16 device=cuda
[Online] step 1/200000 eps=0.000 buffer=16 q_loss=n/a pi_loss=n/a ent_alpha=n/a rep_loss=n/a bonus=1.4142 success=n/a ema=n/a cum=n/a auc=n/a 443.0 steps/s ETA 7.5m
[Online] step 10000/200000 eps=0.000 buffer=100000 q_loss=2.1507 pi_loss=-4.8519 ent_alpha=0.500 rep_loss=5.3787 bonus=0.4977 success=0.110 (last 100) ema=0.190 cum=0.137 auc=1807.3 48.5 steps/s ETA 65.3m
[Online] step 20000/200000 eps=0.000 buffer=100000 q_loss=4.1511 pi_loss=-15.0687 ent_alpha=1.294 rep_loss=5.3395 bonus=0.4754 success=0.120 (last 100) ema=0.108 cum=0.118 auc=3059.9 42.6 steps/s ETA 70.5m
[Online] step 30000/200000 eps=0.000 buffer=100000 q_loss=12.8950 pi_loss=-39.2016 ent_alpha=3.082 rep_loss=5.3459 bonus=0.6236 success=0.080 (last 100) ema=0.062 cum=0.107 auc=4183.2 40.9 steps/s ETA 69.3m
[Online] step 40000/200000 eps=0.000 buffer=100000 q_loss=236.7608 pi_loss=-96.3491 ent_alpha=7.082 rep_loss=5.3171 bonus=0.5404 success=0.100 (last 100) ema=0.111 cum=0.099 auc=5216.6 40.2 steps/s ETA 66.4m
[Online] step 50000/200000 eps=0.000 buffer=100000 q_loss=915.4216 pi_loss=-183.4468 ent_alpha=10.000 rep_loss=5.3245 bonus=0.4765 success=0.040 (last 100) ema=0.035 cum=0.094 auc=6189.9 39.7 steps/s ETA 63.0m
[Online] step 60000/200000 eps=0.000 buffer=100000 q_loss=1898.8508 pi_loss=-230.4626 ent_alpha=10.000 rep_loss=5.3353 bonus=0.5629 success=0.080 (last 100) ema=0.095 cum=0.088 auc=7099.3 39.4 steps/s ETA 59.2m
[Online] step 70000/200000 eps=0.000 buffer=100000 q_loss=2380.0244 pi_loss=-259.3239 ent_alpha=10.000 rep_loss=5.3364 bonus=0.4362 success=0.030 (last 100) ema=0.003 cum=0.084 auc=7967.2 39.2 steps/s ETA 55.3m
[Online] step 80000/200000 eps=0.000 buffer=100000 q_loss=2705.6562 pi_loss=-276.5456 ent_alpha=10.000 rep_loss=5.3341 bonus=0.4888 success=0.070 (last 100) ema=0.068 cum=0.079 auc=8780.5 39.1 steps/s ETA 51.2m
[Online] step 90000/200000 eps=0.000 buffer=100000 q_loss=1173.7394 pi_loss=-286.7080 ent_alpha=10.000 rep_loss=5.3223 bonus=0.5124 success=0.070 (last 100) ema=0.100 cum=0.075 auc=9553.0 39.0 steps/s ETA 47.0m
[Online] step 100000/200000 eps=0.000 buffer=100000 q_loss=1882.5160 pi_loss=-292.0698 ent_alpha=10.000 rep_loss=5.3440 bonus=0.5970 success=0.010 (last 100) ema=0.001 cum=0.072 auc=10292.2 38.9 steps/s ETA 42.9m
[Online] step 110000/200000 eps=0.000 buffer=100000 q_loss=1886.0205 pi_loss=-292.7033 ent_alpha=10.000 rep_loss=5.3248 bonus=0.5369 success=0.090 (last 100) ema=0.043 cum=0.070 auc=10993.7 38.8 steps/s ETA 38.6m
[Online] step 120000/200000 eps=0.000 buffer=100000 q_loss=2547.4558 pi_loss=-297.5276 ent_alpha=10.000 rep_loss=5.3285 bonus=0.5512 success=0.060 (last 100) ema=0.036 cum=0.067 auc=11680.4 38.8 steps/s ETA 34.4m
[Online] step 130000/200000 eps=0.000 buffer=100000 q_loss=1910.2959 pi_loss=-295.1246 ent_alpha=10.000 rep_loss=5.3434 bonus=0.5845 success=0.040 (last 100) ema=0.063 cum=0.065 auc=12340.1 38.8 steps/s ETA 30.1m
[Online] step 140000/200000 eps=0.000 buffer=100000 q_loss=1921.6578 pi_loss=-297.6115 ent_alpha=10.000 rep_loss=5.3442 bonus=0.6907 success=0.080 (last 100) ema=0.072 cum=0.063 auc=12978.9 38.7 steps/s ETA 25.8m
[Online] step 150000/200000 eps=0.000 buffer=100000 q_loss=663.7394 pi_loss=-297.6992 ent_alpha=10.000 rep_loss=5.3358 bonus=0.4276 success=0.050 (last 100) ema=0.041 cum=0.061 auc=13599.8 38.7 steps/s ETA 21.5m
[Online] step 160000/200000 eps=0.000 buffer=100000 q_loss=5037.9512 pi_loss=-294.9125 ent_alpha=10.000 rep_loss=5.3412 bonus=0.6063 success=0.030 (last 100) ema=0.050 cum=0.059 auc=14202.4 38.7 steps/s ETA 17.2m
[Online] step 170000/200000 eps=0.000 buffer=100000 q_loss=1952.4352 pi_loss=-296.7419 ent_alpha=10.000 rep_loss=5.3271 bonus=0.5257 success=0.060 (last 100) ema=0.089 cum=0.058 auc=14789.2 38.7 steps/s ETA 12.9m
[Online] step 180000/200000 eps=0.000 buffer=100000 q_loss=2573.9087 pi_loss=-298.0076 ent_alpha=10.000 rep_loss=5.3176 bonus=0.7149 success=0.040 (last 100) ema=0.021 cum=0.057 auc=15364.5 38.6 steps/s ETA 8.6m
[Online] step 190000/200000 eps=0.000 buffer=100000 q_loss=4453.5269 pi_loss=-294.1174 ent_alpha=10.000 rep_loss=5.3282 bonus=0.6274 success=0.090 (last 100) ema=0.066 cum=0.056 auc=15928.5 38.6 steps/s ETA 4.3m
[Online] step 200000/200000 eps=0.000 buffer=100000 q_loss=2586.9541 pi_loss=-300.8169 ent_alpha=10.000 rep_loss=5.3203 bonus=0.4367 success=0.030 (last 100) ema=0.006 cum=0.056 auc=16489.0 38.6 steps/s ETA 0.0m
[Online] teacup/CRTR seed=0 bonus_scale=3.0 steps=200000 num_envs=16 device=cuda
[Online] step 1/200000 eps=0.000 buffer=16 q_loss=n/a pi_loss=n/a ent_alpha=n/a rep_loss=n/a bonus=1.4142 success=n/a ema=n/a cum=n/a auc=n/a 443.5 steps/s ETA 7.5m
[Online] step 10000/200000 eps=0.000 buffer=100000 q_loss=117.9996 pi_loss=-2.8741 ent_alpha=0.085 rep_loss=5.3458 bonus=0.6185 success=0.000 (last 100) ema=0.000 cum=0.042 auc=892.3 50.2 steps/s ETA 63.0m
[Online] step 20000/200000 eps=0.000 buffer=100000 q_loss=176.9955 pi_loss=-33.0732 ent_alpha=0.039 rep_loss=5.2858 bonus=0.3637 success=0.100 (last 100) ema=0.085 cum=0.026 auc=1189.0 43.8 steps/s ETA 68.5m
[Online] step 30000/200000 eps=0.000 buffer=100000 q_loss=208.6171 pi_loss=-55.0435 ent_alpha=0.019 rep_loss=5.3011 bonus=0.3962 success=0.000 (last 100) ema=0.000 cum=0.018 auc=1406.4 42.0 steps/s ETA 67.5m
[Online] step 40000/200000 eps=0.000 buffer=100000 q_loss=917.5040 pi_loss=-98.9315 ent_alpha=0.009 rep_loss=5.2742 bonus=0.7896 success=0.000 (last 100) ema=0.000 cum=0.033 auc=1670.7 40.8 steps/s ETA 65.3m
[Online] step 50000/200000 eps=0.000 buffer=100000 q_loss=174.9386 pi_loss=-61.9177 ent_alpha=0.004 rep_loss=5.3240 bonus=0.2012 success=0.000 (last 100) ema=0.000 cum=0.026 auc=1963.6 40.4 steps/s ETA 61.9m
[Online] step 60000/200000 eps=0.000 buffer=100000 q_loss=579.0269 pi_loss=-98.0261 ent_alpha=0.002 rep_loss=5.3323 bonus=0.5095 success=0.000 (last 100) ema=0.000 cum=0.022 auc=2205.0 40.2 steps/s ETA 58.1m
[Online] step 70000/200000 eps=0.000 buffer=100000 q_loss=147.5155 pi_loss=-67.8182 ent_alpha=0.001 rep_loss=5.3702 bonus=0.1919 success=0.000 (last 100) ema=0.000 cum=0.023 auc=2435.2 39.9 steps/s ETA 54.3m
[Online] step 80000/200000 eps=0.000 buffer=100000 q_loss=430.5282 pi_loss=-104.6277 ent_alpha=0.000 rep_loss=5.2668 bonus=0.5160 success=0.000 (last 100) ema=0.000 cum=0.020 auc=2649.7 39.8 steps/s ETA 50.3m
[Online] step 90000/200000 eps=0.000 buffer=100000 q_loss=346.0669 pi_loss=-114.5958 ent_alpha=0.000 rep_loss=5.2523 bonus=0.3469 success=0.000 (last 100) ema=0.000 cum=0.020 auc=2843.9 39.7 steps/s ETA 46.2m
[Online] step 100000/200000 eps=0.000 buffer=100000 q_loss=365.9210 pi_loss=-62.7747 ent_alpha=0.000 rep_loss=5.2672 bonus=0.4067 success=0.000 (last 100) ema=0.000 cum=0.019 auc=3037.1 39.5 steps/s ETA 42.1m
[Online] step 110000/200000 eps=0.000 buffer=100000 q_loss=156.6813 pi_loss=-36.9874 ent_alpha=0.000 rep_loss=5.2377 bonus=0.3731 success=0.000 (last 100) ema=0.000 cum=0.018 auc=3221.6 39.5 steps/s ETA 38.0m
[Online] step 120000/200000 eps=0.000 buffer=100000 q_loss=122.0129 pi_loss=-11.2336 ent_alpha=0.000 rep_loss=5.2406 bonus=0.3193 success=0.180 (last 100) ema=0.170 cum=0.024 auc=3417.7 39.3 steps/s ETA 33.9m
[Online] step 130000/200000 eps=0.000 buffer=100000 q_loss=138.0320 pi_loss=-24.4736 ent_alpha=0.000 rep_loss=5.2175 bonus=0.5465 success=0.000 (last 100) ema=0.000 cum=0.031 auc=3709.2 39.0 steps/s ETA 29.9m
[Online] step 140000/200000 eps=0.000 buffer=100000 q_loss=124.5099 pi_loss=11.3518 ent_alpha=0.000 rep_loss=5.2589 bonus=0.4372 success=0.000 (last 100) ema=0.000 cum=0.029 auc=4010.1 38.9 steps/s ETA 25.7m
[Online] step 150000/200000 eps=0.000 buffer=100000 q_loss=138.1284 pi_loss=-10.4572 ent_alpha=0.000 rep_loss=5.2189 bonus=0.3314 success=0.000 (last 100) ema=0.000 cum=0.027 auc=4291.0 38.9 steps/s ETA 21.4m
[Online] step 160000/200000 eps=0.000 buffer=100000 q_loss=136.4846 pi_loss=3.1698 ent_alpha=0.000 rep_loss=5.2382 bonus=0.5684 success=0.000 (last 100) ema=0.000 cum=0.025 auc=4553.9 39.0 steps/s ETA 17.1m
[Online] step 170000/200000 eps=0.000 buffer=100000 q_loss=125.1283 pi_loss=21.7491 ent_alpha=0.000 rep_loss=5.2380 bonus=0.3705 success=0.000 (last 100) ema=0.000 cum=0.024 auc=4801.1 39.0 steps/s ETA 12.8m
[Online] step 180000/200000 eps=0.000 buffer=100000 q_loss=166.0201 pi_loss=36.9461 ent_alpha=0.000 rep_loss=5.2362 bonus=0.3967 success=0.000 (last 100) ema=0.000 cum=0.023 auc=5034.8 39.0 steps/s ETA 8.6m
[Online] step 190000/200000 eps=0.000 buffer=100000 q_loss=89.9965 pi_loss=10.7926 ent_alpha=0.000 rep_loss=5.2217 bonus=0.4330 success=0.000 (last 100) ema=0.000 cum=0.022 auc=5255.8 39.0 steps/s ETA 4.3m
[Online] step 200000/200000 eps=0.000 buffer=100000 q_loss=83.1018 pi_loss=6.3253 ent_alpha=0.000 rep_loss=5.2379 bonus=0.3580 success=0.000 (last 100) ema=0.000 cum=0.020 auc=5465.7 39.0 steps/s ETA 0.0m
